<?xml version="1.0" encoding="UTF-8"?>
<testsuite xmlns:xsi="http://www.w3.org/2001/XMLSchema-instance" xsi:noNamespaceSchemaLocation="https://maven.apache.org/surefire/maven-surefire-plugin/xsd/surefire-test-report-3.0.xsd" version="3.0" name="com.k1rard.junit5app.models.CuentaTest$VariableAmbienteTest" time="0.052" tests="6" errors="0" skipped="3" failures="0">
  <properties>
    <property name="java.specification.version" value="17"/>
    <property name="sun.cpu.isalist" value="amd64"/>
    <property name="sun.jnu.encoding" value="Cp1252"/>
    <property name="java.class.path" value="C:\Users\Usuario\Documents\Cursos-notes-and-projects\testing-junit-mockito\junit5-app\target\test-classes;C:\Users\Usuario\Documents\Cursos-notes-and-projects\testing-junit-mockito\junit5-app\target\classes;C:\Users\Usuario\.m2\repository\org\junit\jupiter\junit-jupiter\5.10.2\junit-jupiter-5.10.2.jar;C:\Users\Usuario\.m2\repository\org\junit\jupiter\junit-jupiter-api\5.10.2\junit-jupiter-api-5.10.2.jar;C:\Users\Usuario\.m2\repository\org\opentest4j\opentest4j\1.3.0\opentest4j-1.3.0.jar;C:\Users\Usuario\.m2\repository\org\junit\platform\junit-platform-commons\1.10.2\junit-platform-commons-1.10.2.jar;C:\Users\Usuario\.m2\repository\org\apiguardian\apiguardian-api\1.1.2\apiguardian-api-1.1.2.jar;C:\Users\Usuario\.m2\repository\org\junit\jupiter\junit-jupiter-params\5.10.2\junit-jupiter-params-5.10.2.jar;C:\Users\Usuario\.m2\repository\org\junit\jupiter\junit-jupiter-engine\5.10.2\junit-jupiter-engine-5.10.2.jar;C:\Users\Usuario\.m2\repository\org\junit\platform\junit-platform-engine\1.10.2\junit-platform-engine-1.10.2.jar;"/>
    <property name="java.vm.vendor" value="Oracle Corporation"/>
    <property name="sun.arch.data.model" value="64"/>
    <property name="user.variant" value=""/>
    <property name="java.vendor.url" value="https://java.oracle.com/"/>
    <property name="user.timezone" value="America/Santo_Domingo"/>
    <property name="os.name" value="Windows 10"/>
    <property name="java.vm.specification.version" value="17"/>
    <property name="sun.java.launcher" value="SUN_STANDARD"/>
    <property name="user.country" value="US"/>
    <property name="sun.boot.library.path" value="C:\Users\Usuario\Documents\Cursos-notes-and-projects\Java\jdk-17\bin"/>
    <property name="sun.java.command" value="C:\Users\Usuario\AppData\Local\Temp\surefire16380249574109335625\surefirebooter-20240311035217686_3.jar C:\Users\Usuario\AppData\Local\Temp\surefire16380249574109335625 2024-03-11T03-52-17_235-jvmRun1 surefire-20240311035217686_1tmp surefire_0-20240311035217686_2tmp"/>
    <property name="jdk.debug" value="release"/>
    <property name="surefire.test.class.path" value="C:\Users\Usuario\Documents\Cursos-notes-and-projects\testing-junit-mockito\junit5-app\target\test-classes;C:\Users\Usuario\Documents\Cursos-notes-and-projects\testing-junit-mockito\junit5-app\target\classes;C:\Users\Usuario\.m2\repository\org\junit\jupiter\junit-jupiter\5.10.2\junit-jupiter-5.10.2.jar;C:\Users\Usuario\.m2\repository\org\junit\jupiter\junit-jupiter-api\5.10.2\junit-jupiter-api-5.10.2.jar;C:\Users\Usuario\.m2\repository\org\opentest4j\opentest4j\1.3.0\opentest4j-1.3.0.jar;C:\Users\Usuario\.m2\repository\org\junit\platform\junit-platform-commons\1.10.2\junit-platform-commons-1.10.2.jar;C:\Users\Usuario\.m2\repository\org\apiguardian\apiguardian-api\1.1.2\apiguardian-api-1.1.2.jar;C:\Users\Usuario\.m2\repository\org\junit\jupiter\junit-jupiter-params\5.10.2\junit-jupiter-params-5.10.2.jar;C:\Users\Usuario\.m2\repository\org\junit\jupiter\junit-jupiter-engine\5.10.2\junit-jupiter-engine-5.10.2.jar;C:\Users\Usuario\.m2\repository\org\junit\platform\junit-platform-engine\1.10.2\junit-platform-engine-1.10.2.jar;"/>
    <property name="sun.cpu.endian" value="little"/>
    <property name="user.home" value="C:\Users\Usuario"/>
    <property name="user.language" value="en"/>
    <property name="java.specification.vendor" value="Oracle Corporation"/>
    <property name="java.version.date" value="2021-09-14"/>
    <property name="java.home" value="C:\Users\Usuario\Documents\Cursos-notes-and-projects\Java\jdk-17"/>
    <property name="file.separator" value="\"/>
    <property name="basedir" value="C:\Users\Usuario\Documents\Cursos-notes-and-projects\testing-junit-mockito\junit5-app"/>
    <property name="java.vm.compressedOopsMode" value="Zero based"/>
    <property name="line.separator" value="&#10;"/>
    <property name="java.vm.specification.vendor" value="Oracle Corporation"/>
    <property name="java.specification.name" value="Java Platform API Specification"/>
    <property name="surefire.real.class.path" value="C:\Users\Usuario\AppData\Local\Temp\surefire16380249574109335625\surefirebooter-20240311035217686_3.jar"/>
    <property name="user.script" value=""/>
    <property name="sun.management.compiler" value="HotSpot 64-Bit Tiered Compilers"/>
    <property name="java.runtime.version" value="17+35-2724"/>
    <property name="user.name" value="k1rard"/>
    <property name="path.separator" value=";"/>
    <property name="os.version" value="10.0"/>
    <property name="java.runtime.name" value="OpenJDK Runtime Environment"/>
    <property name="file.encoding" value="Cp1252"/>
    <property name="java.vm.name" value="OpenJDK 64-Bit Server VM"/>
    <property name="localRepository" value="C:\Users\Usuario\.m2\repository"/>
    <property name="java.vendor.url.bug" value="https://bugreport.java.com/bugreport/"/>
    <property name="java.io.tmpdir" value="C:\Users\Usuario\AppData\Local\Temp\"/>
    <property name="java.version" value="17"/>
    <property name="user.dir" value="C:\Users\Usuario\Documents\Cursos-notes-and-projects\testing-junit-mockito\junit5-app"/>
    <property name="os.arch" value="amd64"/>
    <property name="java.vm.specification.name" value="Java Virtual Machine Specification"/>
    <property name="sun.os.patch.level" value=""/>
    <property name="native.encoding" value="Cp1252"/>
    <property name="java.library.path" value="C:\Users\Usuario\Documents\Cursos-notes-and-projects\Java\jdk-17\bin;C:\WINDOWS\Sun\Java\bin;C:\WINDOWS\system32;C:\WINDOWS;C:\Users\Usuario\Oracle\dbhomeXE\bin;C:\Users\Usuario\Documents\Cursos-notes-and-projects\Java\jdk-17\bin;C:\Program Files (x86)\VMware\VMware Workstation\bin\;C:\WINDOWS\system32;C:\WINDOWS;C:\WINDOWS\System32\Wbem;C:\WINDOWS\System32\WindowsPowerShell\v1.0\;C:\WINDOWS\System32\OpenSSH\;C:\Program Files (x86)\dotnet\;C:\Program Files\Git\cmd;C:\ProgramData\chocolatey\bin;C:\Program Files\MySQL\MySQL Server 8.0\bin;C:\Program Files\MongoDB\Server\7.0\bin;C:\Users\Usuario\sqlite\sqlite-tools-win32-x86-3420000;C:\xampp\php;C:\Program Files\PostgreSQL\15\bin;C:\Program Files\Docker\Docker\resources\bin;C:\Users\Usuario\AppData\Roaming\nvm;C:\Program Files\nodejs;C:\Ruby32-x64\bin;C:\Users\Usuario\AppData\Local\Microsoft\WindowsApps;C:\Users\Usuario\AppData\Local\Programs\Microsoft VS Code\bin;C:\Users\Usuario\Documents\Cursos-notes-and-projects\Java\jdk-17\bin;C:\Program Files\JetBrains\IntelliJ IDEA Community Edition 2022.3.1\bin;;C:\Users\Usuario\Documents\Cursos-notes-and-projects\apache-maven-3.9.0\bin;C:\AppServers\apache-tomee-plume-9.0.0-M7\bin;C:\Users\Usuario\AppData\Roaming\npm;C:\Program Files\MySQL\MySQL Server 8.0\bin;C:\Program Files\MongoDB\Server\7.0\bin;C:\Users\Usuario\sqlite\sqlite-tools-win32-x86-3420000;C:\xampp\php;C:\Program Files\PostgreSQL\15\bin;C:\Users\Usuario\AppData\Roaming\nvm;C:\Program Files\nodejs;."/>
    <property name="java.vm.info" value="mixed mode, sharing"/>
    <property name="java.vendor" value="Oracle Corporation"/>
    <property name="java.vm.version" value="17+35-2724"/>
    <property name="sun.io.unicode.encoding" value="UnicodeLittle"/>
    <property name="java.class.version" value="61.0"/>
  </properties>
  <testcase name="testProcesadores" classname="com.k1rard.junit5app.models.CuentaTest$VariableAmbienteTest" time="0.003">
    <system-out><![CDATA[Finalizando el metodo de prueba.
]]></system-out>
  </testcase>
  <testcase name="testEnv" classname="com.k1rard.junit5app.models.CuentaTest$VariableAmbienteTest" time="0.0">
    <skipped message="Environment variable [ENVIRONMENT] does not exist"/>
  </testcase>
  <testcase name="testSaldoCuentaDev" classname="com.k1rard.junit5app.models.CuentaTest$VariableAmbienteTest" time="0.0">
    <skipped type="org.opentest4j.TestAbortedException"><![CDATA[org.opentest4j.TestAbortedException: Assumption failed: assumption is not true
	at org.junit.jupiter.api.Assumptions.throwAssumptionFailed(Assumptions.java:316)
	at org.junit.jupiter.api.Assumptions.assumeTrue(Assumptions.java:115)
	at org.junit.jupiter.api.Assumptions.assumeTrue(Assumptions.java:66)
	at com.k1rard.junit5app.models.CuentaTest$VariableAmbienteTest.testSaldoCuentaDev(CuentaTest.java:252)
	at java.base/java.lang.reflect.Method.invoke(Method.java:568)
	at java.base/java.util.ArrayList.forEach(ArrayList.java:1511)
	at java.base/java.util.ArrayList.forEach(ArrayList.java:1511)
	at java.base/java.util.ArrayList.forEach(ArrayList.java:1511)
]]></skipped>
    <system-out><![CDATA[Finalizando el metodo de prueba.
]]></system-out>
  </testcase>
  <testcase name="testProdDisabled" classname="com.k1rard.junit5app.models.CuentaTest$VariableAmbienteTest" time="0.0">
    <skipped message="Environment variable [ENVIRONMENT] does not exist"/>
  </testcase>
  <testcase name="testJavaHome" classname="com.k1rard.junit5app.models.CuentaTest$VariableAmbienteTest" time="0.003">
    <system-out><![CDATA[Finalizando el metodo de prueba.
]]></system-out>
  </testcase>
  <testcase name="imprimirVariablesAmbiente" classname="com.k1rard.junit5app.models.CuentaTest$VariableAmbienteTest" time="0.005">
    <system-out><![CDATA[PATH : C:\Users\Usuario\Oracle\dbhomeXE\bin;C:\Users\Usuario\Documents\Cursos-notes-and-projects\Java\jdk-17\bin;C:\Program Files (x86)\VMware\VMware Workstation\bin\;C:\WINDOWS\system32;C:\WINDOWS;C:\WINDOWS\System32\Wbem;C:\WINDOWS\System32\WindowsPowerShell\v1.0\;C:\WINDOWS\System32\OpenSSH\;C:\Program Files (x86)\dotnet\;C:\Program Files\Git\cmd;C:\ProgramData\chocolatey\bin;C:\Program Files\MySQL\MySQL Server 8.0\bin;C:\Program Files\MongoDB\Server\7.0\bin;C:\Users\Usuario\sqlite\sqlite-tools-win32-x86-3420000;C:\xampp\php;C:\Program Files\PostgreSQL\15\bin;C:\Program Files\Docker\Docker\resources\bin;C:\Users\Usuario\AppData\Roaming\nvm;C:\Program Files\nodejs;C:\Ruby32-x64\bin;C:\Users\Usuario\AppData\Local\Microsoft\WindowsApps;C:\Users\Usuario\AppData\Local\Programs\Microsoft VS Code\bin;C:\Users\Usuario\Documents\Cursos-notes-and-projects\Java\jdk-17\bin;C:\Program Files\JetBrains\IntelliJ IDEA Community Edition 2022.3.1\bin;;C:\Users\Usuario\Documents\Cursos-notes-and-projects\apache-maven-3.9.0\bin;C:\AppServers\apache-tomee-plume-9.0.0-M7\bin;C:\Users\Usuario\AppData\Roaming\npm;C:\Program Files\MySQL\MySQL Server 8.0\bin;C:\Program Files\MongoDB\Server\7.0\bin;C:\Users\Usuario\sqlite\sqlite-tools-win32-x86-3420000;C:\xampp\php;C:\Program Files\PostgreSQL\15\bin;C:\Users\Usuario\AppData\Roaming\nvm;C:\Program Files\nodejs
USERDOMAIN_ROAMINGPROFILE : KIRA-DELL
NVM_SYMLINK : C:\Program Files\nodejs
PROCESSOR_LEVEL : 6
SYSTEMDRIVE : C:
SESSIONNAME : Console
ALLUSERSPROFILE : C:\ProgramData
PROCESSOR_ARCHITECTURE : AMD64
DRIVERDATA : C:\Windows\System32\Drivers\DriverData
__INTELLIJ_COMMAND_HISTFILE__ : C:\Users\Usuario\AppData\Local\JetBrains\IdeaIC2022.3\terminal\history\junit5-app-history
MAVEN_HOME : C:\Users\Usuario\Documents\Cursos-notes-and-projects\apache-maven-3.9.0
PROGRAMFILES : C:\Program Files
PSMODULEPATH : C:\Users\Usuario\Documents\WindowsPowerShell\Modules;C:\Program Files\WindowsPowerShell\Modules;C:\WINDOWS\system32\WindowsPowerShell\v1.0\Modules
PROGRAMDATA : C:\ProgramData
CHOCOLATEYLASTPATHUPDATE : 133218255568948071
USERNAME : k1rard
WDIR : C:\
ONEDRIVE : C:\Users\Usuario\OneDrive
PATHEXT : .COM;.EXE;.BAT;.CMD;.VBS;.VBE;.JS;.JSE;.WSF;.WSH;.MSC;.RB;.RBW;.CPL
CLASSWORLDS_JAR : "C:\Users\Usuario\Documents\Cursos-notes-and-projects\apache-maven-3.9.0\boot\plexus-classworlds-2.6.0.jar"
WINDIR : C:\WINDOWS
HOMEPATH : \Users\Usuario
TERM_SESSION_ID : c5f35780-ad12-4522-8dfd-4918ebb00c43
PROCESSOR_IDENTIFIER : Intel64 Family 6 Model 78 Stepping 3, GenuineIntel
PUBLIC : C:\Users\Public
POSTGRESQL : C:\Program Files\PostgreSQL\15
LOCALAPPDATA : C:\Users\Usuario\AppData\Local
COMMONPROGRAMFILES(X86) : C:\Program Files (x86)\Common Files
USERDOMAIN : KIRA-DELL
LOGONSERVER : \\KIRA-DELL
JAVA_HOME : C:\Users\Usuario\Documents\Cursos-notes-and-projects\Java\jdk-17
PROMPT : $e[0;1;44mD$e[0;30;47mO$e[0;1;41mM$e[0;34m$sFecha:$s$d$_$e[0;30;47mD$e[0;30;47mO$e[0;30;47mM$e[0;0m$sHora:$s$t$_$e[0;44mD$e[0;30;47mO$e[0;1;41mM$e[0;31m $p$s---$g$s
PROGRAMFILES(X86) : C:\Program Files (x86)
ERROR_CODE : 0
EXEC_DIR : C:\Users\Usuario\Documents\Cursos-notes-and-projects\testing-junit-mockito\junit5-app
=C: : C:\Users\Usuario\Documents\Cursos-notes-and-projects\testing-junit-mockito\junit5-app
APPDATA : C:\Users\Usuario\AppData\Roaming
PROGRAMW6432 : C:\Program Files
SYSTEMROOT : C:\WINDOWS
CHOCOLATEYINSTALL : C:\ProgramData\chocolatey
MAVEN_CMD_LINE_ARGS : test
VBOX_MSI_INSTALL_PATH : C:\Program Files\Oracle\VirtualBox\
MYSQL : C:\Program Files\MySQL\MySQL Server 8.0
OS : Windows_NT
COMMONPROGRAMW6432 : C:\Program Files\Common Files
COMPUTERNAME : KIRA-DELL
INTELLIJ IDEA COMMUNITY EDITION : C:\Program Files\JetBrains\IntelliJ IDEA Community Edition 2022.3.1\bin;
COMMONPROGRAMFILES : C:\Program Files\Common Files
COMSPEC : C:\WINDOWS\system32\cmd.exe
CATALINA_HOME : C:\AppServers\apache-tomee-plume-9.0.0-M7
JAVACMD : C:\Users\Usuario\Documents\Cursos-notes-and-projects\Java\jdk-17\bin\java.exe
MAVEN_PROJECTBASEDIR : C:\Users\Usuario\Documents\Cursos-notes-and-projects\testing-junit-mockito\junit5-app
NVM_HOME : C:\Users\Usuario\AppData\Roaming\nvm
PROCESSOR_REVISION : 4e03
CLASSWORLDS_LAUNCHER : org.codehaus.plexus.classworlds.launcher.Launcher
TERMINAL_EMULATOR : JetBrains-JediTerm
TEMP : C:\Users\Usuario\AppData\Local\Temp
HOMEDRIVE : C:
USERPROFILE : C:\Users\Usuario
TMP : C:\Users\Usuario\AppData\Local\Temp
NUMBER_OF_PROCESSORS : 4
JVMCONFIG : \.mvn\jvm.config
IDEA_INITIAL_DIRECTORY : C:\Program Files\JetBrains\IntelliJ IDEA Community Edition 2022.3.1\bin
Finalizando el metodo de prueba.
]]></system-out>
  </testcase>
</testsuite>